<?xml version="1.0" encoding="UTF-8"?>
<!-- Generated by org.testng.reporters.JUnitXMLReporter -->
<testsuite hostname="QAYSARs-MBP.hub" ignored="0" name="Test" tests="4" failures="0" timestamp="2021-05-29T19:35:59 AEST" time="30.622" errors="0">
  <testcase name="basePageNavigation" time="7.753" classname="academy.HomePage"/>
  <testcase name="basePageNavigation" time="2.419" classname="academy.HomePage"/>
  <testcase name="basePageNavigation" time="0.105" classname="academy.ValidateNavigationBar"/>
  <testcase name="basePageNavigation" time="0.031" classname="academy.ValidateTitle"/>
</testsuite> <!-- Test -->
