<?xml version="1.0" encoding="UTF-8"?>
<!-- Generated by org.testng.reporters.JUnitXMLReporter -->
<testsuite hostname="QAYSARs-MBP.hub" ignored="0" name="Validating Title" tests="1" failures="0" timestamp="2021-05-30T12:23:12 AEST" time="0.054" errors="0">
  <testcase name="@BeforeTest setUp" time="0.008" classname="academy.ValidateTitle">
    <failure type="java.lang.NullPointerException">
      <![CDATA[java.lang.NullPointerException
at academy.Base.InitializeDrive(Base.java:60)
at academy.ValidateTitle.setUp(ValidateTitle.java:24)
at java.util.concurrent.FutureTask.run(FutureTask.java:266)
at java.util.concurrent.ThreadPoolExecutor.runWorker(ThreadPoolExecutor.java:1149)
at java.util.concurrent.ThreadPoolExecutor$Worker.run(ThreadPoolExecutor.java:624)
at java.lang.Thread.run(Thread.java:748)
... Removed 15 stack frames]]>
    </failure>
  </testcase> <!-- @BeforeTest setUp -->
  <testcase name="@AfterTest Teardown" time="-1.622341392095E9" classname="academy.ValidateTitle">
    <skipped/>
  </testcase> <!-- @AfterTest Teardown -->
  <testcase name="basePageNavigation" time="0.0" classname="academy.ValidateTitle">
    <skipped/>
  </testcase> <!-- basePageNavigation -->
</testsuite> <!-- Validating Title -->
