<?xml version="1.0" encoding="UTF-8"?>
<!-- Generated by org.testng.reporters.JUnitXMLReporter -->
<testsuite hostname="QAYSARs-MBP.hub" ignored="0" name="Validating User Login" tests="2" failures="0" timestamp="2021-05-30T12:23:12 AEST" time="0.044" errors="0">
  <testcase name="@BeforeTest setUp" time="0.006" classname="academy.ValidateNavigationBar">
    <failure type="java.lang.NullPointerException">
      <![CDATA[java.lang.NullPointerException
at academy.Base.InitializeDrive(Base.java:60)
at academy.ValidateNavigationBar.setUp(ValidateNavigationBar.java:24)
at java.util.concurrent.FutureTask.run(FutureTask.java:266)
at java.util.concurrent.ThreadPoolExecutor.runWorker(ThreadPoolExecutor.java:1149)
at java.util.concurrent.ThreadPoolExecutor$Worker.run(ThreadPoolExecutor.java:624)
at java.lang.Thread.run(Thread.java:748)
... Removed 15 stack frames]]>
    </failure>
  </testcase> <!-- @BeforeTest setUp -->
  <testcase name="@BeforeTest setUp" time="0.008" classname="academy.HomePage">
    <failure type="java.lang.NullPointerException">
      <![CDATA[java.lang.NullPointerException
at academy.Base.InitializeDrive(Base.java:60)
at academy.HomePage.setUp(HomePage.java:28)
at java.util.concurrent.FutureTask.run(FutureTask.java:266)
at java.util.concurrent.ThreadPoolExecutor.runWorker(ThreadPoolExecutor.java:1149)
at java.util.concurrent.ThreadPoolExecutor$Worker.run(ThreadPoolExecutor.java:624)
at java.lang.Thread.run(Thread.java:748)
... Removed 15 stack frames]]>
    </failure>
  </testcase> <!-- @BeforeTest setUp -->
  <testcase name="@AfterTest TearDown" time="-1.622341392085E9" classname="academy.HomePage">
    <skipped/>
  </testcase> <!-- @AfterTest TearDown -->
  <testcase name="@AfterTest TearDown" time="-1.622341392092E9" classname="academy.ValidateNavigationBar">
    <skipped/>
  </testcase> <!-- @AfterTest TearDown -->
  <testcase name="basePageNavigation" time="0.0" classname="academy.HomePage">
    <skipped/>
  </testcase> <!-- basePageNavigation -->
  <testcase name="basePageNavigation" time="0.0" classname="academy.HomePage">
    <skipped/>
  </testcase> <!-- basePageNavigation -->
</testsuite> <!-- Validating User Login -->
