<?xml version="1.0" encoding="UTF-8"?>
<testsuite xmlns:xsi="http://www.w3.org/2001/XMLSchema-instance" xsi:noNamespaceSchemaLocation="https://maven.apache.org/surefire/maven-surefire-plugin/xsd/surefire-test-report-3.0.xsd" version="3.0" name="TestSuite" time="0.895" tests="10" errors="0" skipped="7" failures="3">
  <properties>
[...]
</properties>
  <testcase name="setUp" classname="academy.ValidateNavigationBar" time="0.742">
    <failure type="java.lang.NullPointerException"><![CDATA[java.lang.NullPointerException
	at academy.ValidateNavigationBar.setUp(ValidateNavigationBar.java:24)
]]></failure>
  </testcase>
  <testcase name="basePageNavigation" classname="academy.ValidateNavigationBar" time="0">
    <skipped/>
  </testcase>
  <testcase name="TearDown" classname="academy.ValidateNavigationBar" time="0">
    <skipped/>
  </testcase>
  <testcase name="setUp" classname="academy.ValidateTitle" time="0.743">
    <failure type="java.lang.NullPointerException"><![CDATA[java.lang.NullPointerException
	at academy.ValidateTitle.setUp(ValidateTitle.java:24)
]]></failure>
  </testcase>
  <testcase name="basePageNavigation" classname="academy.ValidateTitle" time="0">
    <skipped/>
  </testcase>
  <testcase name="Teardown" classname="academy.ValidateTitle" time="0">
    <skipped/>
  </testcase>
  <testcase name="setUp" classname="academy.HomePage" time="0.743">
    <failure type="java.lang.NullPointerException"><![CDATA[java.lang.NullPointerException
	at academy.HomePage.setUp(HomePage.java:28)
]]></failure>
  </testcase>
  <testcase name="basePageNavigation[nonrestirctedusers@gamil.com, 123, Restricted Users](1)" classname="academy.HomePage" time="0">
    <skipped/>
  </testcase>
  <testcase name="basePageNavigation[restirctedusers@gamil.com, 456, Non Restricted Users](2)" classname="academy.HomePage" time="0">
    <skipped/>
  </testcase>
  <testcase name="TearDown" classname="academy.HomePage" time="0">
    <skipped/>
  </testcase>
</testsuite>